<?xml version="1.0" encoding="UTF-8"?>
<testsuite xmlns:xsi="http://www.w3.org/2001/XMLSchema-instance" xsi:noNamespaceSchemaLocation="https://maven.apache.org/surefire/maven-surefire-plugin/xsd/surefire-test-report-3.0.xsd" version="3.0" name="com.test.TestLoginBehaviour" time="102.437" tests="12" errors="3" skipped="0" failures="2">
  <properties>
[...]
</properties>
  <testcase name="testNewUserRegistrationRedirectsToDashboard" classname="com.test.TestLoginBehaviour" time="7.466">
    <system-out><![CDATA[========================================
  TestLoginBehaviour — START
========================================

>> [Test 1] New user registration → redirect to dashboard
   Submitting sign-up form...
   PASS: Redirected to dashboard after registration.
]]></system-out>
    <system-err><![CDATA[[main] INFO io.github.bonigarcia.wdm.WebDriverManager - Using chromedriver 146.0.7680.165 (resolved driver for Chrome 146)
[main] INFO io.github.bonigarcia.wdm.WebDriverManager - Exporting webdriver.chrome.driver as /Users/mayankjha/.cache/selenium/chromedriver/mac-arm64/146.0.7680.165/chromedriver
Apr 05, 2026 7:52:17 PM org.openqa.selenium.devtools.CdpVersionFinder findNearestMatch
WARNING: Unable to find CDP implementation matching 146
Apr 05, 2026 7:52:17 PM org.openqa.selenium.chromium.ChromiumDriver lambda$new$5
WARNING: Unable to find version of CDP to use for 146.0.7680.178. You may need to include a dependency on a specific version of the CDP using something similar to `org.seleniumhq.selenium:selenium-devtools-v86:4.21.0` where the version ("v86") matches the version of the chromium-based browser you're using and the version number of the artifact is the same as Selenium's.
]]></system-err>
  </testcase>
  <testcase name="testLogoutClearsSessionAndRedirectsToLogin" classname="com.test.TestLoginBehaviour" time="14.989">
    <error message="Expected condition failed: waiting for element to be clickable: By.xpath: //*[self::button or self::a][contains(translate(text(),&apos;ABCDEFGHIJKLMNOPQRSTUVWXYZ&apos;,&apos;abcdefghijklmnopqrstuvwxyz&apos;),&apos;logout&apos;) or contains(translate(text(),&apos;ABCDEFGHIJKLMNOPQRSTUVWXYZ&apos;,&apos;abcdefghijklmnopqrstuvwxyz&apos;),&apos;log out&apos;) or contains(translate(text(),&apos;ABCDEFGHIJKLMNOPQRSTUVWXYZ&apos;,&apos;abcdefghijklmnopqrstuvwxyz&apos;),&apos;sign out&apos;)] (tried for 12 second(s) with 500 milliseconds interval)&#10;Build info: version: &apos;4.21.0&apos;, revision: &apos;79ed462ef4&apos;&#10;System info: os.name: &apos;Mac OS X&apos;, os.arch: &apos;aarch64&apos;, os.version: &apos;26.2&apos;, java.version: &apos;25.0.2&apos;&#10;Driver info: org.openqa.selenium.chrome.ChromeDriver&#10;Capabilities {acceptInsecureCerts: false, browserName: chrome, browserVersion: 146.0.7680.178, chrome: {chromedriverVersion: 146.0.7680.165 (4b989da09e1..., userDataDir: /var/folders/dd/lh0x43092pq...}, fedcm:accounts: true, goog:chromeOptions: {debuggerAddress: localhost:53401}, goog:processID: 68702, networkConnectionEnabled: false, pageLoadStrategy: normal, platformName: mac, proxy: Proxy(), se:cdp: ws://localhost:53401/devtoo..., se:cdpVersion: 146.0.7680.178, setWindowRect: true, strictFileInteractability: false, timeouts: {implicit: 0, pageLoad: 300000, script: 30000}, unhandledPromptBehavior: dismiss and notify, webauthn:extension:credBlob: true, webauthn:extension:largeBlob: true, webauthn:extension:minPinLength: true, webauthn:extension:prf: true, webauthn:virtualAuthenticators: true}&#10;Session ID: 1eb2d7efe0ad3149dc752f5e39d50c85" type="org.openqa.selenium.TimeoutException"><![CDATA[org.openqa.selenium.TimeoutException: 
Expected condition failed: waiting for element to be clickable: By.xpath: //*[self::button or self::a][contains(translate(text(),'ABCDEFGHIJKLMNOPQRSTUVWXYZ','abcdefghijklmnopqrstuvwxyz'),'logout') or contains(translate(text(),'ABCDEFGHIJKLMNOPQRSTUVWXYZ','abcdefghijklmnopqrstuvwxyz'),'log out') or contains(translate(text(),'ABCDEFGHIJKLMNOPQRSTUVWXYZ','abcdefghijklmnopqrstuvwxyz'),'sign out')] (tried for 12 second(s) with 500 milliseconds interval)
Build info: version: '4.21.0', revision: '79ed462ef4'
System info: os.name: 'Mac OS X', os.arch: 'aarch64', os.version: '26.2', java.version: '25.0.2'
Driver info: org.openqa.selenium.chrome.ChromeDriver
Capabilities {acceptInsecureCerts: false, browserName: chrome, browserVersion: 146.0.7680.178, chrome: {chromedriverVersion: 146.0.7680.165 (4b989da09e1..., userDataDir: /var/folders/dd/lh0x43092pq...}, fedcm:accounts: true, goog:chromeOptions: {debuggerAddress: localhost:53401}, goog:processID: 68702, networkConnectionEnabled: false, pageLoadStrategy: normal, platformName: mac, proxy: Proxy(), se:cdp: ws://localhost:53401/devtoo..., se:cdpVersion: 146.0.7680.178, setWindowRect: true, strictFileInteractability: false, timeouts: {implicit: 0, pageLoad: 300000, script: 30000}, unhandledPromptBehavior: dismiss and notify, webauthn:extension:credBlob: true, webauthn:extension:largeBlob: true, webauthn:extension:minPinLength: true, webauthn:extension:prf: true, webauthn:virtualAuthenticators: true}
Session ID: 1eb2d7efe0ad3149dc752f5e39d50c85
	at org.openqa.selenium.support.ui.WebDriverWait.timeoutException(WebDriverWait.java:84)
	at org.openqa.selenium.support.ui.FluentWait.until(FluentWait.java:228)
	at com.test.TestLoginBehaviour.clickLogout(TestLoginBehaviour.java:185)
	at com.test.TestLoginBehaviour.testLogoutClearsSessionAndRedirectsToLogin(TestLoginBehaviour.java:274)
	at java.base/java.lang.reflect.Method.invoke(Method.java:565)
	at java.base/java.util.ArrayList.forEach(ArrayList.java:1604)
	at java.base/java.util.ArrayList.forEach(ArrayList.java:1604)
]]></error>
    <system-out><![CDATA[
>> [Test 2] Logout → session cleared → login page shown
]]></system-out>
  </testcase>
  <testcase name="testValidCredentialsRedirectsToDashboard" classname="com.test.TestLoginBehaviour" time="5.232">
    <system-out><![CDATA[
>> [Test 3] Valid credentials → redirect to dashboard
   PASS: Valid credentials accepted, on dashboard.
]]></system-out>
  </testcase>
  <testcase name="testSessionPersistsAfterRefresh" classname="com.test.TestLoginBehaviour" time="4.724">
    <system-out><![CDATA[
>> [Test 4] Session persistence after page refresh
   PASS: Session persisted across page refresh.
]]></system-out>
  </testcase>
  <testcase name="testProtectedRouteRedirectsToLoginAfterLogout" classname="com.test.TestLoginBehaviour" time="14.942">
    <error message="Expected condition failed: waiting for element to be clickable: By.xpath: //*[self::button or self::a][contains(translate(text(),&apos;ABCDEFGHIJKLMNOPQRSTUVWXYZ&apos;,&apos;abcdefghijklmnopqrstuvwxyz&apos;),&apos;logout&apos;) or contains(translate(text(),&apos;ABCDEFGHIJKLMNOPQRSTUVWXYZ&apos;,&apos;abcdefghijklmnopqrstuvwxyz&apos;),&apos;log out&apos;) or contains(translate(text(),&apos;ABCDEFGHIJKLMNOPQRSTUVWXYZ&apos;,&apos;abcdefghijklmnopqrstuvwxyz&apos;),&apos;sign out&apos;)] (tried for 12 second(s) with 500 milliseconds interval)&#10;Build info: version: &apos;4.21.0&apos;, revision: &apos;79ed462ef4&apos;&#10;System info: os.name: &apos;Mac OS X&apos;, os.arch: &apos;aarch64&apos;, os.version: &apos;26.2&apos;, java.version: &apos;25.0.2&apos;&#10;Driver info: org.openqa.selenium.chrome.ChromeDriver&#10;Capabilities {acceptInsecureCerts: false, browserName: chrome, browserVersion: 146.0.7680.178, chrome: {chromedriverVersion: 146.0.7680.165 (4b989da09e1..., userDataDir: /var/folders/dd/lh0x43092pq...}, fedcm:accounts: true, goog:chromeOptions: {debuggerAddress: localhost:53401}, goog:processID: 68702, networkConnectionEnabled: false, pageLoadStrategy: normal, platformName: mac, proxy: Proxy(), se:cdp: ws://localhost:53401/devtoo..., se:cdpVersion: 146.0.7680.178, setWindowRect: true, strictFileInteractability: false, timeouts: {implicit: 0, pageLoad: 300000, script: 30000}, unhandledPromptBehavior: dismiss and notify, webauthn:extension:credBlob: true, webauthn:extension:largeBlob: true, webauthn:extension:minPinLength: true, webauthn:extension:prf: true, webauthn:virtualAuthenticators: true}&#10;Session ID: 1eb2d7efe0ad3149dc752f5e39d50c85" type="org.openqa.selenium.TimeoutException"><![CDATA[org.openqa.selenium.TimeoutException: 
Expected condition failed: waiting for element to be clickable: By.xpath: //*[self::button or self::a][contains(translate(text(),'ABCDEFGHIJKLMNOPQRSTUVWXYZ','abcdefghijklmnopqrstuvwxyz'),'logout') or contains(translate(text(),'ABCDEFGHIJKLMNOPQRSTUVWXYZ','abcdefghijklmnopqrstuvwxyz'),'log out') or contains(translate(text(),'ABCDEFGHIJKLMNOPQRSTUVWXYZ','abcdefghijklmnopqrstuvwxyz'),'sign out')] (tried for 12 second(s) with 500 milliseconds interval)
Build info: version: '4.21.0', revision: '79ed462ef4'
System info: os.name: 'Mac OS X', os.arch: 'aarch64', os.version: '26.2', java.version: '25.0.2'
Driver info: org.openqa.selenium.chrome.ChromeDriver
Capabilities {acceptInsecureCerts: false, browserName: chrome, browserVersion: 146.0.7680.178, chrome: {chromedriverVersion: 146.0.7680.165 (4b989da09e1..., userDataDir: /var/folders/dd/lh0x43092pq...}, fedcm:accounts: true, goog:chromeOptions: {debuggerAddress: localhost:53401}, goog:processID: 68702, networkConnectionEnabled: false, pageLoadStrategy: normal, platformName: mac, proxy: Proxy(), se:cdp: ws://localhost:53401/devtoo..., se:cdpVersion: 146.0.7680.178, setWindowRect: true, strictFileInteractability: false, timeouts: {implicit: 0, pageLoad: 300000, script: 30000}, unhandledPromptBehavior: dismiss and notify, webauthn:extension:credBlob: true, webauthn:extension:largeBlob: true, webauthn:extension:minPinLength: true, webauthn:extension:prf: true, webauthn:virtualAuthenticators: true}
Session ID: 1eb2d7efe0ad3149dc752f5e39d50c85
	at org.openqa.selenium.support.ui.WebDriverWait.timeoutException(WebDriverWait.java:84)
	at org.openqa.selenium.support.ui.FluentWait.until(FluentWait.java:228)
	at com.test.TestLoginBehaviour.clickLogout(TestLoginBehaviour.java:185)
	at com.test.TestLoginBehaviour.testProtectedRouteRedirectsToLoginAfterLogout(TestLoginBehaviour.java:331)
	at java.base/java.lang.reflect.Method.invoke(Method.java:565)
	at java.base/java.util.ArrayList.forEach(ArrayList.java:1604)
	at java.base/java.util.ArrayList.forEach(ArrayList.java:1604)
]]></error>
    <system-out><![CDATA[
>> [Test 5] Direct /dashboard access after logout → redirect to login
]]></system-out>
  </testcase>
  <testcase name="testDirectUrlAccessWithoutLoginRedirectsToLogin" classname="com.test.TestLoginBehaviour" time="3.584">
    <failure message="Without any session, /dashboard should redirect to login. ==&gt; expected: &lt;true&gt; but was: &lt;false&gt;" type="org.opentest4j.AssertionFailedError"><![CDATA[org.opentest4j.AssertionFailedError: Without any session, /dashboard should redirect to login. ==> expected: <true> but was: <false>
	at org.junit.jupiter.api.AssertionFailureBuilder.build(AssertionFailureBuilder.java:151)
	at org.junit.jupiter.api.AssertionFailureBuilder.buildAndThrow(AssertionFailureBuilder.java:132)
	at org.junit.jupiter.api.AssertTrue.failNotTrue(AssertTrue.java:63)
	at org.junit.jupiter.api.AssertTrue.assertTrue(AssertTrue.java:36)
	at org.junit.jupiter.api.Assertions.assertTrue(Assertions.java:214)
	at com.test.TestLoginBehaviour.testDirectUrlAccessWithoutLoginRedirectsToLogin(TestLoginBehaviour.java:362)
	at java.base/java.lang.reflect.Method.invoke(Method.java:565)
	at java.base/java.util.ArrayList.forEach(ArrayList.java:1604)
	at java.base/java.util.ArrayList.forEach(ArrayList.java:1604)
]]></failure>
    <system-out><![CDATA[
>> [Test 6] Cold-start direct URL access → redirect to login
]]></system-out>
  </testcase>
  <testcase name="testInvalidPasswordShowsErrorAndStaysOnLogin" classname="com.test.TestLoginBehaviour" time="6.957">
    <system-out><![CDATA[
>> [Test 7] Invalid password → error shown, no redirect
   Error message: 'Incorrect password. Please try again.'
   PASS: Invalid password correctly rejected.
]]></system-out>
  </testcase>
  <testcase name="testNonExistentUsernameShowsErrorAndSwitchesToSignUp" classname="com.test.TestLoginBehaviour" time="6.583">
    <failure message="Should show an error for an unknown username. ==&gt; expected: &lt;false&gt; but was: &lt;true&gt;" type="org.opentest4j.AssertionFailedError"><![CDATA[org.opentest4j.AssertionFailedError: Should show an error for an unknown username. ==> expected: <false> but was: <true>
	at org.junit.jupiter.api.AssertionFailureBuilder.build(AssertionFailureBuilder.java:151)
	at org.junit.jupiter.api.AssertionFailureBuilder.buildAndThrow(AssertionFailureBuilder.java:132)
	at org.junit.jupiter.api.AssertFalse.failNotFalse(AssertFalse.java:63)
	at org.junit.jupiter.api.AssertFalse.assertFalse(AssertFalse.java:36)
	at org.junit.jupiter.api.Assertions.assertFalse(Assertions.java:239)
	at com.test.TestLoginBehaviour.testNonExistentUsernameShowsErrorAndSwitchesToSignUp(TestLoginBehaviour.java:419)
	at java.base/java.lang.reflect.Method.invoke(Method.java:565)
	at java.base/java.util.ArrayList.forEach(ArrayList.java:1604)
	at java.base/java.util.ArrayList.forEach(ArrayList.java:1604)
]]></failure>
    <system-out><![CDATA[
>> [Test 8] Non-existent username → error + auto-switch to sign-up
   Immediate error: ''
]]></system-out>
  </testcase>
  <testcase name="testEnterKeySubmitsLoginForm" classname="com.test.TestLoginBehaviour" time="5.448">
    <system-out><![CDATA[
>> [Test 9] Enter key submits login form
   Pressing Enter on password field...
   PASS: Enter key triggered login successfully.
]]></system-out>
  </testcase>
  <testcase name="testBrowserBackButtonAfterLogoutStaysOnLogin" classname="com.test.TestLoginBehaviour" time="14.869">
    <error message="Expected condition failed: waiting for element to be clickable: By.xpath: //*[self::button or self::a][contains(translate(text(),&apos;ABCDEFGHIJKLMNOPQRSTUVWXYZ&apos;,&apos;abcdefghijklmnopqrstuvwxyz&apos;),&apos;logout&apos;) or contains(translate(text(),&apos;ABCDEFGHIJKLMNOPQRSTUVWXYZ&apos;,&apos;abcdefghijklmnopqrstuvwxyz&apos;),&apos;log out&apos;) or contains(translate(text(),&apos;ABCDEFGHIJKLMNOPQRSTUVWXYZ&apos;,&apos;abcdefghijklmnopqrstuvwxyz&apos;),&apos;sign out&apos;)] (tried for 12 second(s) with 500 milliseconds interval)&#10;Build info: version: &apos;4.21.0&apos;, revision: &apos;79ed462ef4&apos;&#10;System info: os.name: &apos;Mac OS X&apos;, os.arch: &apos;aarch64&apos;, os.version: &apos;26.2&apos;, java.version: &apos;25.0.2&apos;&#10;Driver info: org.openqa.selenium.chrome.ChromeDriver&#10;Capabilities {acceptInsecureCerts: false, browserName: chrome, browserVersion: 146.0.7680.178, chrome: {chromedriverVersion: 146.0.7680.165 (4b989da09e1..., userDataDir: /var/folders/dd/lh0x43092pq...}, fedcm:accounts: true, goog:chromeOptions: {debuggerAddress: localhost:53401}, goog:processID: 68702, networkConnectionEnabled: false, pageLoadStrategy: normal, platformName: mac, proxy: Proxy(), se:cdp: ws://localhost:53401/devtoo..., se:cdpVersion: 146.0.7680.178, setWindowRect: true, strictFileInteractability: false, timeouts: {implicit: 0, pageLoad: 300000, script: 30000}, unhandledPromptBehavior: dismiss and notify, webauthn:extension:credBlob: true, webauthn:extension:largeBlob: true, webauthn:extension:minPinLength: true, webauthn:extension:prf: true, webauthn:virtualAuthenticators: true}&#10;Session ID: 1eb2d7efe0ad3149dc752f5e39d50c85" type="org.openqa.selenium.TimeoutException"><![CDATA[org.openqa.selenium.TimeoutException: 
Expected condition failed: waiting for element to be clickable: By.xpath: //*[self::button or self::a][contains(translate(text(),'ABCDEFGHIJKLMNOPQRSTUVWXYZ','abcdefghijklmnopqrstuvwxyz'),'logout') or contains(translate(text(),'ABCDEFGHIJKLMNOPQRSTUVWXYZ','abcdefghijklmnopqrstuvwxyz'),'log out') or contains(translate(text(),'ABCDEFGHIJKLMNOPQRSTUVWXYZ','abcdefghijklmnopqrstuvwxyz'),'sign out')] (tried for 12 second(s) with 500 milliseconds interval)
Build info: version: '4.21.0', revision: '79ed462ef4'
System info: os.name: 'Mac OS X', os.arch: 'aarch64', os.version: '26.2', java.version: '25.0.2'
Driver info: org.openqa.selenium.chrome.ChromeDriver
Capabilities {acceptInsecureCerts: false, browserName: chrome, browserVersion: 146.0.7680.178, chrome: {chromedriverVersion: 146.0.7680.165 (4b989da09e1..., userDataDir: /var/folders/dd/lh0x43092pq...}, fedcm:accounts: true, goog:chromeOptions: {debuggerAddress: localhost:53401}, goog:processID: 68702, networkConnectionEnabled: false, pageLoadStrategy: normal, platformName: mac, proxy: Proxy(), se:cdp: ws://localhost:53401/devtoo..., se:cdpVersion: 146.0.7680.178, setWindowRect: true, strictFileInteractability: false, timeouts: {implicit: 0, pageLoad: 300000, script: 30000}, unhandledPromptBehavior: dismiss and notify, webauthn:extension:credBlob: true, webauthn:extension:largeBlob: true, webauthn:extension:minPinLength: true, webauthn:extension:prf: true, webauthn:virtualAuthenticators: true}
Session ID: 1eb2d7efe0ad3149dc752f5e39d50c85
	at org.openqa.selenium.support.ui.WebDriverWait.timeoutException(WebDriverWait.java:84)
	at org.openqa.selenium.support.ui.FluentWait.until(FluentWait.java:228)
	at com.test.TestLoginBehaviour.clickLogout(TestLoginBehaviour.java:185)
	at com.test.TestLoginBehaviour.testBrowserBackButtonAfterLogoutStaysOnLogin(TestLoginBehaviour.java:475)
	at java.base/java.lang.reflect.Method.invoke(Method.java:565)
	at java.base/java.util.ArrayList.forEach(ArrayList.java:1604)
	at java.base/java.util.ArrayList.forEach(ArrayList.java:1604)
]]></error>
    <system-out><![CDATA[
>> [Test 10] Browser back button after logout → stays on login
]]></system-out>
  </testcase>
  <testcase name="testDuplicateUsernameOnSignUpShowsError" classname="com.test.TestLoginBehaviour" time="6.592">
    <system-out><![CDATA[
>> [Test 11] Duplicate username on sign-up → error shown
   Error message: 'Username already taken. Please log in instead.'
   PASS: Duplicate username correctly rejected.
]]></system-out>
  </testcase>
  <testcase name="testShortPasswordOnSignUpShowsError" classname="com.test.TestLoginBehaviour" time="5.683">
    <system-out><![CDATA[
>> [Test 12] Short password on sign-up → error shown
   Error message: 'Password must be at least 4 characters.'
   PASS: Short password correctly rejected.
]]></system-out>
  </testcase>
</testsuite>