<?xml version="1.0" encoding="UTF-8"?>
<testsuite xmlns:xsi="http://www.w3.org/2001/XMLSchema-instance" xsi:noNamespaceSchemaLocation="https://maven.apache.org/surefire/maven-surefire-plugin/xsd/surefire-test-report-3.0.xsd" version="3.0" name="com.test.TestLoginBehavior" time="72.315" tests="6" errors="0" skipped="0" failures="0">
  <properties>
[...]
</properties>
  <testcase name="testEnterKeyTriggersLogin" classname="com.test.TestLoginBehavior" time="9.454">
    <system-out><![CDATA[====================================
  TestLoginBehavior — START
====================================

>> [Test 1] Testing that pressing Enter key submits the login form...
   Mode before Enter: switch link says 'Sign up'
   Pressing ENTER on the username field...
   [check 1] error='No account found. Please sign up first.' switchLink='Sign up' dashboard=false
   Submission detected!
   PASS: Enter key correctly triggered form submission.
]]></system-out>
    <system-err><![CDATA[[main] INFO io.github.bonigarcia.wdm.WebDriverManager - Using chromedriver 146.0.7680.165 (resolved driver for Chrome 146)
[main] INFO io.github.bonigarcia.wdm.WebDriverManager - Exporting webdriver.chrome.driver as /Users/mayankjha/.cache/selenium/chromedriver/mac-arm64/146.0.7680.165/chromedriver
Apr 05, 2026 7:49:57 PM org.openqa.selenium.devtools.CdpVersionFinder findNearestMatch
WARNING: Unable to find CDP implementation matching 146
Apr 05, 2026 7:49:57 PM org.openqa.selenium.chromium.ChromiumDriver lambda$new$5
WARNING: Unable to find version of CDP to use for 146.0.7680.178. You may need to include a dependency on a specific version of the CDP using something similar to `org.seleniumhq.selenium:selenium-devtools-v86:4.21.0` where the version ("v86") matches the version of the chromium-based browser you're using and the version number of the artifact is the same as Selenium's.
]]></system-err>
  </testcase>
  <testcase name="testDuplicateUsernameBlockedOnSignUp" classname="com.test.TestLoginBehavior" time="21.124">
    <system-out><![CDATA[
>> [Test 2] Registering same username twice — second should fail...
   First registration submitted...
   Trying to register 'duplicateuser' again...
   Error message: 'Username already taken. Please log in instead.'
   PASS: Duplicate username correctly blocked.
]]></system-out>
  </testcase>
  <testcase name="testShortPasswordBlockedOnSignUp" classname="com.test.TestLoginBehavior" time="9.773">
    <system-out><![CDATA[
>> [Test 3] Trying to sign up with a password shorter than 4 characters...
   Password 'ab' (2 chars) entered. Clicking Sign Up...
   Error message: 'Password must be at least 4 characters.'
   PASS: Short password correctly rejected.
]]></system-out>
  </testcase>
  <testcase name="testProtectedRouteWithoutLogin" classname="com.test.TestLoginBehavior" time="7.835">
    <system-out><![CDATA[
>> [Test 4] Navigating directly to /dashboard without logging in...
   Landed on: http://localhost:5173/dashboard
   ⚠ WARNING: No route guard — unauthenticated users can reach /dashboard.
   ACTION NEEDED: Add a <ProtectedRoute> in your React router to fix this.
   PASS (with warning): App loaded without crashing.
]]></system-out>
  </testcase>
  <testcase name="testLocalStorageStartsEmpty" classname="com.test.TestLoginBehavior" time="3.049">
    <system-out><![CDATA[
>> [Test 5] Clearing localStorage and verifying users key is gone...
   localStorage 'users' after clear: null
   PASS: localStorage correctly cleared.
]]></system-out>
  </testcase>
  <testcase name="testLocalStorageSavesUserAfterSignUp" classname="com.test.TestLoginBehavior" time="12.812">
    <system-out><![CDATA[
>> [Test 6] Signing up and verifying user saved in localStorage...
   Signing up as 'storeduser'...
   localStorage 'users': [{"username":"storeduser","password":"mypassword"}]
   PASS: User correctly persisted to localStorage.
]]></system-out>
  </testcase>
</testsuite>